<?xml version="1.0" encoding="UTF-8"?>
<!-- Generated by org.testng.reporters.JUnitReportReporter -->
<testsuite hostname="LAPTOP-VRF7QEJL" failures="0" tests="3" name="sample.DataProviderPractice" time="0.008" errors="0" timestamp="2024-09-11T10:14:17 IST" skipped="0">
  <testcase classname="sample.DataProviderPractice" name="dataProviderPractice" time="0.006"/>
  <testcase classname="sample.DataProviderPractice" name="dataProviderPractice" time="0.001"/>
  <testcase classname="sample.DataProviderPractice" name="dataProviderPractice" time="0.001"/>
</testsuite> <!-- sample.DataProviderPractice -->
