<?xml version="1.0" encoding="UTF-8"?>
<!-- Generated by org.testng.reporters.JUnitReportReporter -->
<testsuite hostname="GJ8HVV3" failures="0" tests="1" name="sample.GitPracticeConflict" time="0.010" errors="0" timestamp="2024-09-13T10:28:13 IST" skipped="0">
  <testcase classname="sample.GitPracticeConflict" name="Practice" time="0.010"/>
  <system-out/>
</testsuite> <!-- sample.GitPracticeConflict -->
