<?xml version="1.0" encoding="UTF-8"?>
<!-- Generated by org.testng.reporters.JUnitReportReporter -->
<testsuite hostname="LAPTOP-VRF7QEJL" failures="0" tests="1" name="testcaseRepo.CreateNewLeadsTest_002" time="19.973" errors="0" timestamp="2024-09-10T22:33:27 IST" skipped="0">
  <testcase classname="testcaseRepo.CreateNewLeadsTest_002" name="createNewLeadsWithMultipleDataTest" time="19.973"/>
</testsuite> <!-- testcaseRepo.CreateNewLeadsTest_002 -->
