<?xml version="1.0" encoding="UTF-8"?>
<!-- Generated by org.testng.reporters.JUnitReportReporter -->
<testsuite hostname="LAPTOP-VRF7QEJL" failures="0" tests="4" name="sample.PracticeTestNG" time="0.012" errors="0" timestamp="2024-08-30T10:33:17 IST" skipped="1">
  <testcase classname="sample.PracticeTestNG" name="modifyUser" time="0.001"/>
  <system-out/>
  <testcase classname="sample.PracticeTestNG" name="modifyUser" time="0.009"/>
  <system-out/>
  <testcase classname="sample.PracticeTestNG" name="deleteUser" time="0.002"/>
  <system-out/>
  <testcase classname="sample.PracticeTestNG" name="createUser">
    <skipped/>
  </testcase> <!-- createUser -->
  <system-out/>
</testsuite> <!-- sample.PracticeTestNG -->
