<?xml version="1.0" encoding="UTF-8"?>
<!-- Generated by org.testng.reporters.JUnitReportReporter -->
<testsuite hostname="LAPTOP-VRF7QEJL" failures="0" tests="1" name="sample.GitPractice" time="0.008" errors="0" timestamp="2024-09-13T10:43:35 IST" skipped="0">
  <testcase classname="sample.GitPractice" name="gitPractice" time="0.008"/>
</testsuite> <!-- sample.GitPractice -->
