<?xml version="1.0" encoding="UTF-8"?>
<!-- Generated by org.testng.reporters.JUnitReportReporter -->
<testsuite hostname="LAPTOP-VRF7QEJL" failures="0" tests="1" name="testcaseRepo.CreateNewLeadsTest_001" time="42.327" errors="0" timestamp="2024-09-10T22:27:37 IST" skipped="0">
  <testcase classname="testcaseRepo.CreateNewLeadsTest_001" name="createNewLeadsWithFirstNameLastNameCompanyTest" time="42.327"/>
</testsuite> <!-- testcaseRepo.CreateNewLeadsTest_001 -->
