<?xml version="1.0" encoding="UTF-8"?>
<!-- Generated by org.testng.reporters.JUnitReportReporter -->
<testsuite hostname="LAPTOP-VRF7QEJL" failures="0" tests="1" name="sample.GitPractice" time="0.010" errors="0" timestamp="2024-09-14T09:00:40 IST" skipped="0">
  <testcase classname="sample.GitPractice" name="gitPractice" time="0.010"/>
</testsuite> <!-- sample.GitPractice -->
